<?xml version="1.0" encoding="UTF-8"?>
<!-- Generated by org.testng.reporters.JUnitXMLReporter -->
<testsuite hostname="LAPTOP-0D1QAGIG" name="Default test" tests="2" failures="0" timestamp="25 Jul 2018 09:12:31 GMT" time="5.223" errors="0">
  <testcase name="uploadPhoto" time="0.0" classname="com.edureka.maven.MavenJenkinsDemo">
    <skipped/>
  </testcase> <!-- uploadPhoto -->
  <testcase name="logout" time="4.475" classname="com.edureka.maven.MavenJenkinsDemo"/>
</testsuite> <!-- Default test -->
