<?xml version="1.0" encoding="UTF-8"?>
<!-- Generated by org.testng.reporters.JUnitXMLReporter -->
<testsuite hostname="LAPTOP-0D1QAGIG" name="MavenJenkins" tests="4" failures="0" timestamp="25 Jul 2018 10:48:16 GMT" time="73.959" errors="0">
  <testcase name="launchBrowser" time="9.443" classname="com.edureka.maven.MavenJenkinsDemo"/>
  <testcase name="login" time="1.248" classname="com.edureka.maven.MavenJenkinsDemo"/>
  <testcase name="uploadPhoto" time="52.341" classname="com.edureka.maven.MavenJenkinsDemo"/>
  <testcase name="logout" time="10.905" classname="com.edureka.maven.MavenJenkinsDemo"/>
</testsuite> <!-- MavenJenkins -->
